<?xml version="1.0" encoding="UTF-8"?>
<!-- Generated by org.testng.reporters.JUnitReportReporter -->
<testsuite skipped="0" hostname="DESKTOP-K40N5H6" name="walletHub.ReviewAndTest" tests="1" failures="0" timestamp="2021-04-17T20:16:16 IST" time="44.450" errors="0">
  <testcase name="reviewAndTest" time="44.450" classname="walletHub.ReviewAndTest"/>
  <system-out/>
</testsuite> <!-- walletHub.ReviewAndTest -->
