<?xml version="1.0" encoding="UTF-8"?>
<!-- Generated by org.testng.reporters.JUnitReportReporter -->
<testsuite skipped="0" hostname="DESKTOP-K40N5H6" name="Toytota.Tsure.HomePage" tests="2" failures="0" timestamp="2021-04-04T23:54:25 IST" time="28.382" errors="0">
  <testcase name="basePageNavigation" time="6.762" classname="Toytota.Tsure.HomePage"/>
  <system-out/>
  <testcase name="basePageNavigation" time="21.620" classname="Toytota.Tsure.HomePage"/>
  <system-out/>
</testsuite> <!-- Toytota.Tsure.HomePage -->
