<?xml version="1.0" encoding="UTF-8"?>
<!-- Generated by org.testng.reporters.JUnitReportReporter -->
<testsuite skipped="0" hostname="DESKTOP-K40N5H6" name="Toytota.Tsure.HomePage" tests="2" failures="0" timestamp="2021-04-05T19:52:32 IST" time="16.067" errors="0">
  <testcase name="basePageNavigation" time="12.086" classname="Toytota.Tsure.HomePage"/>
  <system-out/>
  <testcase name="basePageNavigation" time="3.981" classname="Toytota.Tsure.HomePage"/>
  <system-out/>
</testsuite> <!-- Toytota.Tsure.HomePage -->
