<?xml version="1.0" encoding="UTF-8"?>
<testsuite xmlns:xsi="http://www.w3.org/2001/XMLSchema-instance" xsi:noNamespaceSchemaLocation="https://maven.apache.org/surefire/maven-surefire-plugin/xsd/surefire-test-report-3.0.xsd" version="3.0" name="TestSuite" time="614.352" tests="5" errors="0" skipped="2" failures="1">
  <properties>
    <property name="sun.desktop" value="windows"/>
    <property name="awt.toolkit" value="sun.awt.windows.WToolkit"/>
    <property name="file.encoding.pkg" value="sun.io"/>
    <property name="java.specification.version" value="1.8"/>
    <property name="webdriver.chrome.driver" value="C:\Windows\system32\config\systemprofile\.cache\selenium\chromedriver\win32\89.0.4389.23\chromedriver.exe"/>
    <property name="sun.cpu.isalist" value="amd64"/>
    <property name="sun.jnu.encoding" value="Cp1252"/>
    <property name="java.class.path" value="C:\Users\sony\eclipse-workspace\Tsure\target\test-classes;C:\Users\sony\eclipse-workspace\Tsure\target\classes;C:\Windows\system32\config\systemprofile\.m2\repository\org\seleniumhq\selenium\selenium-java\3.141.59\selenium-java-3.141.59.jar;C:\Windows\system32\config\systemprofile\.m2\repository\org\seleniumhq\selenium\selenium-api\3.141.59\selenium-api-3.141.59.jar;C:\Windows\system32\config\systemprofile\.m2\repository\org\seleniumhq\selenium\selenium-chrome-driver\3.141.59\selenium-chrome-driver-3.141.59.jar;C:\Windows\system32\config\systemprofile\.m2\repository\org\seleniumhq\selenium\selenium-edge-driver\3.141.59\selenium-edge-driver-3.141.59.jar;C:\Windows\system32\config\systemprofile\.m2\repository\org\seleniumhq\selenium\selenium-firefox-driver\3.141.59\selenium-firefox-driver-3.141.59.jar;C:\Windows\system32\config\systemprofile\.m2\repository\org\seleniumhq\selenium\selenium-ie-driver\3.141.59\selenium-ie-driver-3.141.59.jar;C:\Windows\system32\config\systemprofile\.m2\repository\org\seleniumhq\selenium\selenium-opera-driver\3.141.59\selenium-opera-driver-3.141.59.jar;C:\Windows\system32\config\systemprofile\.m2\repository\org\seleniumhq\selenium\selenium-remote-driver\3.141.59\selenium-remote-driver-3.141.59.jar;C:\Windows\system32\config\systemprofile\.m2\repository\org\seleniumhq\selenium\selenium-safari-driver\3.141.59\selenium-safari-driver-3.141.59.jar;C:\Windows\system32\config\systemprofile\.m2\repository\org\seleniumhq\selenium\selenium-support\3.141.59\selenium-support-3.141.59.jar;C:\Windows\system32\config\systemprofile\.m2\repository\net\bytebuddy\byte-buddy\1.8.15\byte-buddy-1.8.15.jar;C:\Windows\system32\config\systemprofile\.m2\repository\org\apache\commons\commons-exec\1.3\commons-exec-1.3.jar;C:\Windows\system32\config\systemprofile\.m2\repository\com\google\guava\guava\25.0-jre\guava-25.0-jre.jar;C:\Windows\system32\config\systemprofile\.m2\repository\com\google\code\findbugs\jsr305\1.3.9\jsr305-1.3.9.jar;C:\Windows\system32\config\systemprofile\.m2\repository\org\checkerframework\checker-compat-qual\2.0.0\checker-compat-qual-2.0.0.jar;C:\Windows\system32\config\systemprofile\.m2\repository\com\google\errorprone\error_prone_annotations\2.1.3\error_prone_annotations-2.1.3.jar;C:\Windows\system32\config\systemprofile\.m2\repository\com\google\j2objc\j2objc-annotations\1.1\j2objc-annotations-1.1.jar;C:\Windows\system32\config\systemprofile\.m2\repository\org\codehaus\mojo\animal-sniffer-annotations\1.14\animal-sniffer-annotations-1.14.jar;C:\Windows\system32\config\systemprofile\.m2\repository\com\squareup\okhttp3\okhttp\3.11.0\okhttp-3.11.0.jar;C:\Windows\system32\config\systemprofile\.m2\repository\com\squareup\okio\okio\1.14.0\okio-1.14.0.jar;C:\Windows\system32\config\systemprofile\.m2\repository\org\testng\testng\7.4.0\testng-7.4.0.jar;C:\Windows\system32\config\systemprofile\.m2\repository\com\beust\jcommander\1.78\jcommander-1.78.jar;C:\Windows\system32\config\systemprofile\.m2\repository\org\webjars\jquery\3.5.1\jquery-3.5.1.jar;C:\Windows\system32\config\systemprofile\.m2\repository\io\github\bonigarcia\webdrivermanager\4.3.1\webdrivermanager-4.3.1.jar;C:\Windows\system32\config\systemprofile\.m2\repository\org\slf4j\slf4j-api\1.7.30\slf4j-api-1.7.30.jar;C:\Windows\system32\config\systemprofile\.m2\repository\com\google\code\gson\gson\2.8.6\gson-2.8.6.jar;C:\Windows\system32\config\systemprofile\.m2\repository\org\apache\commons\commons-lang3\3.11\commons-lang3-3.11.jar;C:\Windows\system32\config\systemprofile\.m2\repository\org\apache\httpcomponents\client5\httpclient5\5.0.3\httpclient5-5.0.3.jar;C:\Windows\system32\config\systemprofile\.m2\repository\org\apache\httpcomponents\core5\httpcore5\5.0.2\httpcore5-5.0.2.jar;C:\Windows\system32\config\systemprofile\.m2\repository\org\apache\httpcomponents\core5\httpcore5-h2\5.0.2\httpcore5-h2-5.0.2.jar;C:\Windows\system32\config\systemprofile\.m2\repository\commons-codec\commons-codec\1.13\commons-codec-1.13.jar;C:\Windows\system32\config\systemprofile\.m2\repository\org\rauschig\jarchivelib\1.1.0\jarchivelib-1.1.0.jar;C:\Windows\system32\config\systemprofile\.m2\repository\org\apache\commons\commons-compress\1.20\commons-compress-1.20.jar;C:\Windows\system32\config\systemprofile\.m2\repository\org\jsoup\jsoup\1.13.1\jsoup-1.13.1.jar;C:\Windows\system32\config\systemprofile\.m2\repository\com\aventstack\extentreports\5.0.7\extentreports-5.0.7.jar;C:\Windows\system32\config\systemprofile\.m2\repository\io\reactivex\rxjava3\rxjava\3.0.4\rxjava-3.0.4.jar;C:\Windows\system32\config\systemprofile\.m2\repository\org\reactivestreams\reactive-streams\1.0.3\reactive-streams-1.0.3.jar;C:\Windows\system32\config\systemprofile\.m2\repository\org\freemarker\freemarker\2.3.30\freemarker-2.3.30.jar;C:\Windows\system32\config\systemprofile\.m2\repository\org\projectlombok\lombok\1.18.12\lombok-1.18.12.jar;C:\Windows\system32\config\systemprofile\.m2\repository\org\apache\logging\log4j\log4j-api\2.14.1\log4j-api-2.14.1.jar;C:\Windows\system32\config\systemprofile\.m2\repository\org\apache\logging\log4j\log4j-core\2.14.1\log4j-core-2.14.1.jar;C:\Windows\system32\config\systemprofile\.m2\repository\commons-io\commons-io\2.8.0\commons-io-2.8.0.jar;"/>
    <property name="java.vm.vendor" value="Oracle Corporation"/>
    <property name="sun.arch.data.model" value="64"/>
    <property name="user.variant" value=""/>
    <property name="java.vendor.url" value="http://java.oracle.com/"/>
    <property name="user.timezone" value="Asia/Calcutta"/>
    <property name="java.vm.specification.version" value="1.8"/>
    <property name="os.name" value="Windows 10"/>
    <property name="user.country" value="IN"/>
    <property name="sun.java.launcher" value="SUN_STANDARD"/>
    <property name="sun.boot.library.path" value="C:\Program Files\Java\jdk1.8.0_261\jre\bin"/>
    <property name="sun.java.command" value="C:\Windows\Temp\surefire8030490561469118111\surefirebooter4687133743285589065.jar C:\Windows\Temp\surefire8030490561469118111 2021-04-05T19-42-15_366-jvmRun1 surefire704358832101131024tmp surefire_03200958506011381993tmp"/>
    <property name="surefire.test.class.path" value="C:\Users\sony\eclipse-workspace\Tsure\target\test-classes;C:\Users\sony\eclipse-workspace\Tsure\target\classes;C:\Windows\system32\config\systemprofile\.m2\repository\org\seleniumhq\selenium\selenium-java\3.141.59\selenium-java-3.141.59.jar;C:\Windows\system32\config\systemprofile\.m2\repository\org\seleniumhq\selenium\selenium-api\3.141.59\selenium-api-3.141.59.jar;C:\Windows\system32\config\systemprofile\.m2\repository\org\seleniumhq\selenium\selenium-chrome-driver\3.141.59\selenium-chrome-driver-3.141.59.jar;C:\Windows\system32\config\systemprofile\.m2\repository\org\seleniumhq\selenium\selenium-edge-driver\3.141.59\selenium-edge-driver-3.141.59.jar;C:\Windows\system32\config\systemprofile\.m2\repository\org\seleniumhq\selenium\selenium-firefox-driver\3.141.59\selenium-firefox-driver-3.141.59.jar;C:\Windows\system32\config\systemprofile\.m2\repository\org\seleniumhq\selenium\selenium-ie-driver\3.141.59\selenium-ie-driver-3.141.59.jar;C:\Windows\system32\config\systemprofile\.m2\repository\org\seleniumhq\selenium\selenium-opera-driver\3.141.59\selenium-opera-driver-3.141.59.jar;C:\Windows\system32\config\systemprofile\.m2\repository\org\seleniumhq\selenium\selenium-remote-driver\3.141.59\selenium-remote-driver-3.141.59.jar;C:\Windows\system32\config\systemprofile\.m2\repository\org\seleniumhq\selenium\selenium-safari-driver\3.141.59\selenium-safari-driver-3.141.59.jar;C:\Windows\system32\config\systemprofile\.m2\repository\org\seleniumhq\selenium\selenium-support\3.141.59\selenium-support-3.141.59.jar;C:\Windows\system32\config\systemprofile\.m2\repository\net\bytebuddy\byte-buddy\1.8.15\byte-buddy-1.8.15.jar;C:\Windows\system32\config\systemprofile\.m2\repository\org\apache\commons\commons-exec\1.3\commons-exec-1.3.jar;C:\Windows\system32\config\systemprofile\.m2\repository\com\google\guava\guava\25.0-jre\guava-25.0-jre.jar;C:\Windows\system32\config\systemprofile\.m2\repository\com\google\code\findbugs\jsr305\1.3.9\jsr305-1.3.9.jar;C:\Windows\system32\config\systemprofile\.m2\repository\org\checkerframework\checker-compat-qual\2.0.0\checker-compat-qual-2.0.0.jar;C:\Windows\system32\config\systemprofile\.m2\repository\com\google\errorprone\error_prone_annotations\2.1.3\error_prone_annotations-2.1.3.jar;C:\Windows\system32\config\systemprofile\.m2\repository\com\google\j2objc\j2objc-annotations\1.1\j2objc-annotations-1.1.jar;C:\Windows\system32\config\systemprofile\.m2\repository\org\codehaus\mojo\animal-sniffer-annotations\1.14\animal-sniffer-annotations-1.14.jar;C:\Windows\system32\config\systemprofile\.m2\repository\com\squareup\okhttp3\okhttp\3.11.0\okhttp-3.11.0.jar;C:\Windows\system32\config\systemprofile\.m2\repository\com\squareup\okio\okio\1.14.0\okio-1.14.0.jar;C:\Windows\system32\config\systemprofile\.m2\repository\org\testng\testng\7.4.0\testng-7.4.0.jar;C:\Windows\system32\config\systemprofile\.m2\repository\com\beust\jcommander\1.78\jcommander-1.78.jar;C:\Windows\system32\config\systemprofile\.m2\repository\org\webjars\jquery\3.5.1\jquery-3.5.1.jar;C:\Windows\system32\config\systemprofile\.m2\repository\io\github\bonigarcia\webdrivermanager\4.3.1\webdrivermanager-4.3.1.jar;C:\Windows\system32\config\systemprofile\.m2\repository\org\slf4j\slf4j-api\1.7.30\slf4j-api-1.7.30.jar;C:\Windows\system32\config\systemprofile\.m2\repository\com\google\code\gson\gson\2.8.6\gson-2.8.6.jar;C:\Windows\system32\config\systemprofile\.m2\repository\org\apache\commons\commons-lang3\3.11\commons-lang3-3.11.jar;C:\Windows\system32\config\systemprofile\.m2\repository\org\apache\httpcomponents\client5\httpclient5\5.0.3\httpclient5-5.0.3.jar;C:\Windows\system32\config\systemprofile\.m2\repository\org\apache\httpcomponents\core5\httpcore5\5.0.2\httpcore5-5.0.2.jar;C:\Windows\system32\config\systemprofile\.m2\repository\org\apache\httpcomponents\core5\httpcore5-h2\5.0.2\httpcore5-h2-5.0.2.jar;C:\Windows\system32\config\systemprofile\.m2\repository\commons-codec\commons-codec\1.13\commons-codec-1.13.jar;C:\Windows\system32\config\systemprofile\.m2\repository\org\rauschig\jarchivelib\1.1.0\jarchivelib-1.1.0.jar;C:\Windows\system32\config\systemprofile\.m2\repository\org\apache\commons\commons-compress\1.20\commons-compress-1.20.jar;C:\Windows\system32\config\systemprofile\.m2\repository\org\jsoup\jsoup\1.13.1\jsoup-1.13.1.jar;C:\Windows\system32\config\systemprofile\.m2\repository\com\aventstack\extentreports\5.0.7\extentreports-5.0.7.jar;C:\Windows\system32\config\systemprofile\.m2\repository\io\reactivex\rxjava3\rxjava\3.0.4\rxjava-3.0.4.jar;C:\Windows\system32\config\systemprofile\.m2\repository\org\reactivestreams\reactive-streams\1.0.3\reactive-streams-1.0.3.jar;C:\Windows\system32\config\systemprofile\.m2\repository\org\freemarker\freemarker\2.3.30\freemarker-2.3.30.jar;C:\Windows\system32\config\systemprofile\.m2\repository\org\projectlombok\lombok\1.18.12\lombok-1.18.12.jar;C:\Windows\system32\config\systemprofile\.m2\repository\org\apache\logging\log4j\log4j-api\2.14.1\log4j-api-2.14.1.jar;C:\Windows\system32\config\systemprofile\.m2\repository\org\apache\logging\log4j\log4j-core\2.14.1\log4j-core-2.14.1.jar;C:\Windows\system32\config\systemprofile\.m2\repository\commons-io\commons-io\2.8.0\commons-io-2.8.0.jar;"/>
    <property name="sun.cpu.endian" value="little"/>
    <property name="user.home" value="C:\Windows\system32\config\systemprofile"/>
    <property name="user.language" value="en"/>
    <property name="java.specification.vendor" value="Oracle Corporation"/>
    <property name="java.home" value="C:\Program Files\Java\jdk1.8.0_261\jre"/>
    <property name="basedir" value="C:\Users\sony\eclipse-workspace\Tsure"/>
    <property name="file.separator" value="\"/>
    <property name="line.separator" value="&#10;"/>
    <property name="java.vm.specification.vendor" value="Oracle Corporation"/>
    <property name="java.specification.name" value="Java Platform API Specification"/>
    <property name="java.awt.graphicsenv" value="sun.awt.Win32GraphicsEnvironment"/>
    <property name="surefire.real.class.path" value="C:\Windows\Temp\surefire8030490561469118111\surefirebooter4687133743285589065.jar"/>
    <property name="sun.boot.class.path" value="C:\Program Files\Java\jdk1.8.0_261\jre\lib\resources.jar;C:\Program Files\Java\jdk1.8.0_261\jre\lib\rt.jar;C:\Program Files\Java\jdk1.8.0_261\jre\lib\sunrsasign.jar;C:\Program Files\Java\jdk1.8.0_261\jre\lib\jsse.jar;C:\Program Files\Java\jdk1.8.0_261\jre\lib\jce.jar;C:\Program Files\Java\jdk1.8.0_261\jre\lib\charsets.jar;C:\Program Files\Java\jdk1.8.0_261\jre\lib\jfr.jar;C:\Program Files\Java\jdk1.8.0_261\jre\classes"/>
    <property name="user.script" value=""/>
    <property name="sun.management.compiler" value="HotSpot 64-Bit Tiered Compilers"/>
    <property name="java.runtime.version" value="1.8.0_261-b12"/>
    <property name="user.name" value="DESKTOP-K40N5H6$"/>
    <property name="path.separator" value=";"/>
    <property name="os.version" value="10.0"/>
    <property name="java.endorsed.dirs" value="C:\Program Files\Java\jdk1.8.0_261\jre\lib\endorsed"/>
    <property name="java.runtime.name" value="Java(TM) SE Runtime Environment"/>
    <property name="file.encoding" value="Cp1252"/>
    <property name="java.vm.name" value="Java HotSpot(TM) 64-Bit Server VM"/>
    <property name="localRepository" value="C:\Windows\system32\config\systemprofile\.m2\repository"/>
    <property name="java.vendor.url.bug" value="http://bugreport.sun.com/bugreport/"/>
    <property name="java.io.tmpdir" value="C:\Windows\TEMP\"/>
    <property name="java.version" value="1.8.0_261"/>
    <property name="user.dir" value="C:\Users\sony\eclipse-workspace\Tsure"/>
    <property name="os.arch" value="amd64"/>
    <property name="java.vm.specification.name" value="Java Virtual Machine Specification"/>
    <property name="java.awt.printerjob" value="sun.awt.windows.WPrinterJob"/>
    <property name="sun.os.patch.level" value=""/>
    <property name="java.library.path" value="C:\Program Files\Java\jdk1.8.0_261\jre\bin;C:\Windows\Sun\Java\bin;C:\Windows\system32;C:\Windows;C:\Users\sony\Downloads\apache-maven-3.6.3-bin\apache-maven-3.6.3/bin;C:\Program Files\Java\jdk1.8.0_261/bin;C:\Program Files\Java\jdk1.8.0_261/bin;C:\Windows\system32;C:\Windows;C:\Windows\System32\Wbem;C:\Windows\System32\WindowsPowerShell\v1.0\;C:\Users\sony\Downloads\apache-maven-3.6.3-bin\apache-maven-3.6.3\bin;C:\Program Files\Git\cmd;C:\Program Files\dotnet\;C:\Program Files\Microsoft SQL Server\130\Tools\Binn\;C:\Program Files\nodejs\;C:\Program Files\Java\jdk1.8.0_261\bin;;."/>
    <property name="java.vm.info" value="mixed mode"/>
    <property name="java.vendor" value="Oracle Corporation"/>
    <property name="java.vm.version" value="25.261-b12"/>
    <property name="java.ext.dirs" value="C:\Program Files\Java\jdk1.8.0_261\jre\lib\ext;C:\Windows\Sun\Java\lib\ext"/>
    <property name="sun.io.unicode.encoding" value="UnicodeLittle"/>
    <property name="java.class.version" value="52.0"/>
  </properties>
  <testcase name="basePageNavigation[restrincteduser@dd.com, fasfdfs](1)" classname="Toytota.Tsure.HomePage" time="11.685">
    <system-err><![CDATA[SLF4J: Failed to load class "org.slf4j.impl.StaticLoggerBinder".
SLF4J: Defaulting to no-operation (NOP) logger implementation
SLF4J: See http://www.slf4j.org/codes.html#StaticLoggerBinder for further details.
Starting ChromeDriver 8S9t.a0r.t4i3n8g9 C.h2r3o m(eD6r1ibv0e8re 8e29.c50.0043248b9.ab2030 4e48d2b1b083cdbdac579-refs/branch-heads/43(8691b@0{8#2ee942}c5) 0o0n24 bpoarb0t0 44e54498d2
bO1nbl0y8 l3occdabld acco5n7n9e-crteifosn/sb araren calh-loheweadds./4
P38le9@as{e#2 9se4}e)  htotn ppos:r/t/ c2hr5o56me6dr
iOvnelry.c hlroocmailum c.oonrgne/scteciournsi tare allowed.
Please see https://cyh-rocmoendsriivdeerr.acthiroomnisu mf.oorr sgug/gseescturiiotnys- ocnon kseiedepirnagt iCohnrso mfeoDrr isuvgegre sstaifeon.s 
on keeping ChromeDriver safe.
ChromeDriver was started successfully.
ChromeDriver was started successfully.
Apr 05, 2021 7:42:32 PM org.openqa.selenium.remote.ProtocolHandshake createSession
INFO: Detected dialect: W3C
]]></system-err>
  </testcase>
  <testcase name="basePageNavigation[nonrestrincteduser@dd.com, eerwrwefasfdfs](2)" classname="Toytota.Tsure.HomePage" time="3.957"/>
  <testcase name="init" classname="Toytota.Tsure.ValidatingAppTitle" time="587.023">
    <failure message="session not created&#10;from timeout: Timed out receiving message from renderer: 600.000&#10;  (Session info: chrome=89.0.4389.114)&#10;Build info: version: &apos;3.141.59&apos;, revision: &apos;e82be7d358&apos;, time: &apos;2018-11-14T08:17:03&apos;&#10;System info: host: &apos;DESKTOP-K40N5H6&apos;, ip: &apos;192.168.1.100&apos;, os.name: &apos;Windows 10&apos;, os.arch: &apos;amd64&apos;, os.version: &apos;10.0&apos;, java.version: &apos;1.8.0_261&apos;&#10;Driver info: driver.version: ChromeDriver&#10;remote stacktrace: Backtrace:&#10;	Ordinal0 [0x0132E7D3+124883]&#10;	Ordinal0 [0x0132E7B1+124849]&#10;	GetHandleVerifier [0x01578688+193832]&#10;	GetHandleVerifier [0x0156C079+143129]&#10;	GetHandleVerifier [0x0156B45E+140030]&#10;	GetHandleVerifier [0x0156B6E6+140678]&#10;	GetHandleVerifier [0x0156B025+138949]&#10;	GetHandleVerifier [0x01574679+177433]&#10;	GetHandleVerifier [0x0156AFE1+138881]&#10;	GetHandleVerifier [0x0156BD62+142338]&#10;	GetHandleVerifier [0x0156B45E+140030]&#10;	GetHandleVerifier [0x0156B6E6+140678]&#10;	GetHandleVerifier [0x0156B025+138949]&#10;	GetHandleVerifier [0x01572A0A+170154]&#10;	GetHandleVerifier [0x0156AFE1+138881]&#10;	GetHandleVerifier [0x0156BD62+142338]&#10;	GetHandleVerifier [0x0156B45E+140030]&#10;	GetHandleVerifier [0x0156B6E6+140678]&#10;	GetHandleVerifier [0x0156B025+138949]&#10;	GetHandleVerifier [0x01570D69+162825]&#10;	GetHandleVerifier [0x0156AFE1+138881]&#10;	GetHandleVerifier [0x0156BD62+142338]&#10;	GetHandleVerifier [0x0156B45E+140030]&#10;	GetHandleVerifier [0x0156B6E6+140678]&#10;	GetHandleVerifier [0x0156B025+138949]&#10;	GetHandleVerifier [0x0157017C+159772]&#10;	GetHandleVerifier [0x0156AFE1+138881]&#10;	GetHandleVerifier [0x0156BD62+142338]&#10;	GetHandleVerifier [0x0156B45E+140030]&#10;	GetHandleVerifier [0x0156B6E6+140678]&#10;	GetHandleVerifier [0x0156B025+138949]&#10;	GetHandleVerifier [0x015676ED+124301]&#10;	GetHandleVerifier [0x0156AFE1+138881]&#10;	GetHandleVerifier [0x0156AE03+138403]&#10;	GetHandleVerifier [0x0156ABF7+137879]&#10;	GetHandleVerifier [0x01579930+198608]&#10;	GetHandleVerifier [0x015B5758+443896]&#10;	GetHandleVerifier [0x015B47FC+439964]&#10;	GetHandleVerifier [0x015B154B+426987]&#10;	GetHandleVerifier [0x01594FFD+310941]&#10;	GetHandleVerifier [0x01595D8E+314414]&#10;	GetHandleVerifier [0x01595D19+314297]&#10;	GetHandleVerifier [0x016531EC+1089676]&#10;	GetHandleVerifier [0x016517C9+1082985]&#10;	GetHandleVerifier [0x016513A3+1081923]&#10;	GetHandleVerifier [0x0174D9FD+2115741]&#10;	Ordinal0 [0x0147B82E+1488942]&#10;	Ordinal0 [0x01415A7D+1071741]&#10;	Ordinal0 [0x0141559B+1070491]&#10;	Ordinal0 [0x014154B1+1070257]&#10;	Ordinal0 [0x0144FF53+1310547]&#10;	BaseThreadInitThunk [0x74AD3744+36]&#10;	RtlSetCurrentTransaction [0x7770A064+212]&#10;	RtlSetCurrentTransaction [0x7770A02F+159]&#10;" type="org.openqa.selenium.SessionNotCreatedException"><![CDATA[org.openqa.selenium.SessionNotCreatedException: 
session not created
from timeout: Timed out receiving message from renderer: 600.000
  (Session info: chrome=89.0.4389.114)
Build info: version: '3.141.59', revision: 'e82be7d358', time: '2018-11-14T08:17:03'
System info: host: 'DESKTOP-K40N5H6', ip: '192.168.1.100', os.name: 'Windows 10', os.arch: 'amd64', os.version: '10.0', java.version: '1.8.0_261'
Driver info: driver.version: ChromeDriver
remote stacktrace: Backtrace:
	Ordinal0 [0x0132E7D3+124883]
	Ordinal0 [0x0132E7B1+124849]
	GetHandleVerifier [0x01578688+193832]
	GetHandleVerifier [0x0156C079+143129]
	GetHandleVerifier [0x0156B45E+140030]
	GetHandleVerifier [0x0156B6E6+140678]
	GetHandleVerifier [0x0156B025+138949]
	GetHandleVerifier [0x01574679+177433]
	GetHandleVerifier [0x0156AFE1+138881]
	GetHandleVerifier [0x0156BD62+142338]
	GetHandleVerifier [0x0156B45E+140030]
	GetHandleVerifier [0x0156B6E6+140678]
	GetHandleVerifier [0x0156B025+138949]
	GetHandleVerifier [0x01572A0A+170154]
	GetHandleVerifier [0x0156AFE1+138881]
	GetHandleVerifier [0x0156BD62+142338]
	GetHandleVerifier [0x0156B45E+140030]
	GetHandleVerifier [0x0156B6E6+140678]
	GetHandleVerifier [0x0156B025+138949]
	GetHandleVerifier [0x01570D69+162825]
	GetHandleVerifier [0x0156AFE1+138881]
	GetHandleVerifier [0x0156BD62+142338]
	GetHandleVerifier [0x0156B45E+140030]
	GetHandleVerifier [0x0156B6E6+140678]
	GetHandleVerifier [0x0156B025+138949]
	GetHandleVerifier [0x0157017C+159772]
	GetHandleVerifier [0x0156AFE1+138881]
	GetHandleVerifier [0x0156BD62+142338]
	GetHandleVerifier [0x0156B45E+140030]
	GetHandleVerifier [0x0156B6E6+140678]
	GetHandleVerifier [0x0156B025+138949]
	GetHandleVerifier [0x015676ED+124301]
	GetHandleVerifier [0x0156AFE1+138881]
	GetHandleVerifier [0x0156AE03+138403]
	GetHandleVerifier [0x0156ABF7+137879]
	GetHandleVerifier [0x01579930+198608]
	GetHandleVerifier [0x015B5758+443896]
	GetHandleVerifier [0x015B47FC+439964]
	GetHandleVerifier [0x015B154B+426987]
	GetHandleVerifier [0x01594FFD+310941]
	GetHandleVerifier [0x01595D8E+314414]
	GetHandleVerifier [0x01595D19+314297]
	GetHandleVerifier [0x016531EC+1089676]
	GetHandleVerifier [0x016517C9+1082985]
	GetHandleVerifier [0x016513A3+1081923]
	GetHandleVerifier [0x0174D9FD+2115741]
	Ordinal0 [0x0147B82E+1488942]
	Ordinal0 [0x01415A7D+1071741]
	Ordinal0 [0x0141559B+1070491]
	Ordinal0 [0x014154B1+1070257]
	Ordinal0 [0x0144FF53+1310547]
	BaseThreadInitThunk [0x74AD3744+36]
	RtlSetCurrentTransaction [0x7770A064+212]
	RtlSetCurrentTransaction [0x7770A02F+159]

	at Toytota.Tsure.ValidatingAppTitle.init(ValidatingAppTitle.java:24)
]]></failure>
    <system-err><![CDATA[[1617632550.924][SEVERE]: Timed out receiving message from renderer: 600.000
]]></system-err>
  </testcase>
  <testcase name="appTitleValidation" classname="Toytota.Tsure.ValidatingAppTitle" time="0">
    <skipped message="session not created&#10;from timeout: Timed out receiving message from renderer: 600.000&#10;  (Session info: chrome=89.0.4389.114)&#10;Build info: version: &apos;3.141.59&apos;, revision: &apos;e82be7d358&apos;, time: &apos;2018-11-14T08:17:03&apos;&#10;System info: host: &apos;DESKTOP-K40N5H6&apos;, ip: &apos;192.168.1.100&apos;, os.name: &apos;Windows 10&apos;, os.arch: &apos;amd64&apos;, os.version: &apos;10.0&apos;, java.version: &apos;1.8.0_261&apos;&#10;Driver info: driver.version: ChromeDriver&#10;remote stacktrace: Backtrace:&#10;	Ordinal0 [0x0132E7D3+124883]&#10;	Ordinal0 [0x0132E7B1+124849]&#10;	GetHandleVerifier [0x01578688+193832]&#10;	GetHandleVerifier [0x0156C079+143129]&#10;	GetHandleVerifier [0x0156B45E+140030]&#10;	GetHandleVerifier [0x0156B6E6+140678]&#10;	GetHandleVerifier [0x0156B025+138949]&#10;	GetHandleVerifier [0x01574679+177433]&#10;	GetHandleVerifier [0x0156AFE1+138881]&#10;	GetHandleVerifier [0x0156BD62+142338]&#10;	GetHandleVerifier [0x0156B45E+140030]&#10;	GetHandleVerifier [0x0156B6E6+140678]&#10;	GetHandleVerifier [0x0156B025+138949]&#10;	GetHandleVerifier [0x01572A0A+170154]&#10;	GetHandleVerifier [0x0156AFE1+138881]&#10;	GetHandleVerifier [0x0156BD62+142338]&#10;	GetHandleVerifier [0x0156B45E+140030]&#10;	GetHandleVerifier [0x0156B6E6+140678]&#10;	GetHandleVerifier [0x0156B025+138949]&#10;	GetHandleVerifier [0x01570D69+162825]&#10;	GetHandleVerifier [0x0156AFE1+138881]&#10;	GetHandleVerifier [0x0156BD62+142338]&#10;	GetHandleVerifier [0x0156B45E+140030]&#10;	GetHandleVerifier [0x0156B6E6+140678]&#10;	GetHandleVerifier [0x0156B025+138949]&#10;	GetHandleVerifier [0x0157017C+159772]&#10;	GetHandleVerifier [0x0156AFE1+138881]&#10;	GetHandleVerifier [0x0156BD62+142338]&#10;	GetHandleVerifier [0x0156B45E+140030]&#10;	GetHandleVerifier [0x0156B6E6+140678]&#10;	GetHandleVerifier [0x0156B025+138949]&#10;	GetHandleVerifier [0x015676ED+124301]&#10;	GetHandleVerifier [0x0156AFE1+138881]&#10;	GetHandleVerifier [0x0156AE03+138403]&#10;	GetHandleVerifier [0x0156ABF7+137879]&#10;	GetHandleVerifier [0x01579930+198608]&#10;	GetHandleVerifier [0x015B5758+443896]&#10;	GetHandleVerifier [0x015B47FC+439964]&#10;	GetHandleVerifier [0x015B154B+426987]&#10;	GetHandleVerifier [0x01594FFD+310941]&#10;	GetHandleVerifier [0x01595D8E+314414]&#10;	GetHandleVerifier [0x01595D19+314297]&#10;	GetHandleVerifier [0x016531EC+1089676]&#10;	GetHandleVerifier [0x016517C9+1082985]&#10;	GetHandleVerifier [0x016513A3+1081923]&#10;	GetHandleVerifier [0x0174D9FD+2115741]&#10;	Ordinal0 [0x0147B82E+1488942]&#10;	Ordinal0 [0x01415A7D+1071741]&#10;	Ordinal0 [0x0141559B+1070491]&#10;	Ordinal0 [0x014154B1+1070257]&#10;	Ordinal0 [0x0144FF53+1310547]&#10;	BaseThreadInitThunk [0x74AD3744+36]&#10;	RtlSetCurrentTransaction [0x7770A064+212]&#10;	RtlSetCurrentTransaction [0x7770A02F+159]&#10;"/>
  </testcase>
  <testcase name="tearDown" classname="Toytota.Tsure.ValidatingAppTitle" time="0">
    <skipped/>
  </testcase>
</testsuite>